[+] Containers:
 |- [+] Container: /Game/FirstPerson/Maps/AlexBranch
 |   |- [+] ActorDescs:
 |   |   |- Guid:0074E44A81B53CB19DD61A025F808810 NativeClass:/Script/Engine.SkyAtmosphere Name:SkyAtmosphere_0 Label:SkyAtmosphere SpatiallyLoaded:false EditorBounds:IsValid=true, Min=(X=-128.000 Y=-128.000 Z=892.000), Max=(X=240.000 Y=128.000 Z=1148.000) RuntimeBounds:IsValid=true, Min=(X=0.000 Y=0.000 Z=1020.000), Max=(X=0.000 Y=0.000 Z=1020.000) RuntimeGrid:None EditorOnly:false RuntimeOnly:false HLODRelevant:false ListedInSceneOutliner:true IsMainWorldOnly:false FolderPath:Lighting FolderGuid:0BA5F0A04EADB18E70D5B180D08FA34B
 |   |   |- Guid:2799BFE4FC0A3FA4AADA3795D40F0564 NativeClass:/Script/Engine.PlayerStart Name:PlayerStart_0 Label:PlayerStart SpatiallyLoaded:false EditorBounds:IsValid=true, Min=(X=772.000 Y=722.000 Z=-35.987), Max=(X=1140.000 Y=978.000 Z=220.013) RuntimeBounds:IsValid=true, Min=(X=860.000 Y=810.000 Z=0.013), Max=(X=940.000 Y=890.000 Z=184.013) RuntimeGrid:None EditorOnly:false RuntimeOnly:false HLODRelevant:false ListedInSceneOutliner:true IsMainWorldOnly:false
 |   |   |- Guid:2A888BAD493FF59B49B02BBC51DAB895 NativeClass:/Script/Engine.StaticMeshActor Name:StaticMeshActor_UAID_D85ED382F83D629802_1116006260 Label:SM_Wall_Standard90D3 SpatiallyLoaded:true EditorBounds:IsValid=true, Min=(X=-630.018 Y=2593.774 Z=-0.000), Max=(X=-330.005 Y=2893.787 Z=420.000) RuntimeBounds:IsValid=true, Min=(X=-630.018 Y=2593.774 Z=-0.000), Max=(X=-330.005 Y=2893.787 Z=420.000) RuntimeGrid:None EditorOnly:false RuntimeOnly:false HLODRelevant:true ListedInSceneOutliner:true IsMainWorldOnly:false
 |   |   |- Guid:31013E2EE45E3458A6737BC494C5BBEE NativeClass:/Script/Engine.SkyLight Name:SkyLight_0 Label:SkyLight SpatiallyLoaded:false EditorBounds:IsValid=true, Min=(X=-1.000 Y=-1.000 Z=-1.000), Max=(X=1.000 Y=1.000 Z=690.000) RuntimeBounds:IsValid=true, Min=(X=0.000 Y=0.000 Z=690.000), Max=(X=0.000 Y=0.000 Z=690.000) RuntimeGrid:None EditorOnly:false RuntimeOnly:false HLODRelevant:false ListedInSceneOutliner:true IsMainWorldOnly:false FolderPath:Lighting FolderGuid:0BA5F0A04EADB18E70D5B180D08FA34B
 |   |   |- Guid:424ECC054E68C8337D6AA29EABB7B1EB NativeClass:/Script/Engine.StaticMeshActor Name:StaticMeshActor_UAID_D85ED382F83D619802_2136746082 Label:SM_Wall_SlimFiller SpatiallyLoaded:true EditorBounds:IsValid=true, Min=(X=-331.583 Y=2816.406 Z=-0.000), Max=(X=-270.005 Y=2893.787 Z=420.000) RuntimeBounds:IsValid=true, Min=(X=-331.583 Y=2816.406 Z=-0.000), Max=(X=-270.005 Y=2893.787 Z=420.000) RuntimeGrid:None EditorOnly:false RuntimeOnly:false HLODRelevant:true ListedInSceneOutliner:true IsMainWorldOnly:false
 |   |   |- Guid:6CDDA87AB298320AB0868658B834E679 NativeClass:/Script/Engine.ExponentialHeightFog Name:ExponentialHeightFog_0 Label:ExponentialHeightFog SpatiallyLoaded:false EditorBounds:IsValid=true, Min=(X=-5728.000 Y=-178.000 Z=-6978.000), Max=(X=-5472.000 Y=78.000 Z=-6722.000) RuntimeBounds:IsValid=true, Min=(X=-5600.000 Y=-50.000 Z=-6850.000), Max=(X=-5600.000 Y=-50.000 Z=-6850.000) RuntimeGrid:None EditorOnly:false RuntimeOnly:false HLODRelevant:false ListedInSceneOutliner:true IsMainWorldOnly:false FolderPath:Lighting FolderGuid:0BA5F0A04EADB18E70D5B180D08FA34B
 |   |   |- Guid:777F4E3A4D0F17978D1791B53891B398 NativeClass:/Script/Engine.StaticMeshActor Name:StaticMeshActor_UAID_D85ED382F83D619802_2110714081 Label:SM_Wall_Standard90D2 SpatiallyLoaded:true EditorBounds:IsValid=true, Min=(X=590.005 Y=2536.213 Z=-0.000), Max=(X=890.018 Y=2836.226 Z=420.000) RuntimeBounds:IsValid=true, Min=(X=590.005 Y=2536.213 Z=-0.000), Max=(X=890.018 Y=2836.226 Z=420.000) RuntimeGrid:None EditorOnly:false RuntimeOnly:false HLODRelevant:true ListedInSceneOutliner:true IsMainWorldOnly:false
 |   |   |- Guid:77E3EC57EFB9335081255F7A97030017 NativeClass:/Script/Engine.StaticMeshActor Name:StaticMeshActor_UAID_A4AE111137DC5EFB00_2001720423 Label:SM_SkySphere SpatiallyLoaded:false EditorBounds:IsValid=true, Min=(X=-1638400.000 Y=-1638400.000 Z=-1638400.000), Max=(X=1638400.000 Y=1638400.000 Z=1638400.000) RuntimeBounds:IsValid=true, Min=(X=-1638400.000 Y=-1638400.000 Z=-1638400.000), Max=(X=1638400.000 Y=1638400.000 Z=1638400.000) RuntimeGrid:None EditorOnly:false RuntimeOnly:false HLODRelevant:false ListedInSceneOutliner:true IsMainWorldOnly:false FolderPath:Lighting FolderGuid:0BA5F0A04EADB18E70D5B180D08FA34B
 |   |   |- Guid:7A79317F4053707D2923AA9C638C34BD NativeClass:/Script/Engine.StaticMeshActor Name:StaticMeshActor_UAID_D85ED382F83D629802_1479483266 Label:SM_Wall_Standard SpatiallyLoaded:true EditorBounds:IsValid=true, Min=(X=-633.787 Y=1999.994 Z=-0.000), Max=(X=-556.406 Y=2599.995 Z=420.000) RuntimeBounds:IsValid=true, Min=(X=-633.787 Y=1999.994 Z=-0.000), Max=(X=-556.406 Y=2599.995 Z=420.000) RuntimeGrid:None EditorOnly:false RuntimeOnly:false HLODRelevant:true ListedInSceneOutliner:true IsMainWorldOnly:false
 |   |   |- Guid:94154B9924CE3EB3AC1DD6A45963B8E5 NativeClass:/Script/Engine.PostProcessVolume Name:PostProcessVolume_0 Label:PostProcessVolume SpatiallyLoaded:false EditorBounds:IsValid=true, Min=(X=0.000 Y=0.000 Z=400.000), Max=(X=200.000 Y=200.000 Z=600.000) RuntimeBounds:IsValid=true, Min=(X=0.000 Y=0.000 Z=400.000), Max=(X=200.000 Y=200.000 Z=600.000) RuntimeGrid:None EditorOnly:false RuntimeOnly:false HLODRelevant:false ListedInSceneOutliner:true IsMainWorldOnly:false FolderPath:Lighting FolderGuid:0BA5F0A04EADB18E70D5B180D08FA34B
 |   |   |- Guid:9ECAB6A18EDF3F4DBAC9EC9E6BFB4105 NativeClass:/Script/Engine.VolumetricCloud Name:VolumetricCloud_0 Label:VolumetricCloud SpatiallyLoaded:false EditorBounds:IsValid=true, Min=(X=-128.000 Y=-128.000 Z=692.000), Max=(X=128.000 Y=128.000 Z=948.000) RuntimeBounds:IsValid=true, Min=(X=0.000 Y=0.000 Z=820.000), Max=(X=0.000 Y=0.000 Z=820.000) RuntimeGrid:None EditorOnly:false RuntimeOnly:false HLODRelevant:false ListedInSceneOutliner:true IsMainWorldOnly:false FolderPath:Lighting FolderGuid:0BA5F0A04EADB18E70D5B180D08FA34B
 |   |   |- Guid:AA98A66A416C68B92FD363ABC0E06E8B NativeClass:/Script/Engine.StaticMeshActor Name:StaticMeshActor_UAID_D85ED382F83D179702_1984666999 Label:Plane SpatiallyLoaded:true EditorBounds:IsValid=true, Min=(X=-3502.500 Y=-2897.686 Z=0.100), Max=(X=6622.500 Y=5057.686 Z=0.100) RuntimeBounds:IsValid=true, Min=(X=-3502.500 Y=-2897.686 Z=0.100), Max=(X=6622.500 Y=5057.686 Z=0.100) RuntimeGrid:None EditorOnly:false RuntimeOnly:false HLODRelevant:true ListedInSceneOutliner:true IsMainWorldOnly:false
 |   |   |- Guid:B8DC26CD49F3DCE7021BC69A1DCA9D61 NativeClass:/Script/Engine.StaticMeshActor Name:StaticMeshActor_UAID_D85ED382F83D629802_1232322262 Label:Plane2 SpatiallyLoaded:true EditorBounds:IsValid=true, Min=(X=-2047.500 Y=-4191.253 Z=-428.943), Max=(X=4127.500 Y=-3348.747 Z=4349.143) RuntimeBounds:IsValid=true, Min=(X=-2047.500 Y=-4191.253 Z=-428.943), Max=(X=4127.500 Y=-3348.747 Z=4349.143) RuntimeGrid:None EditorOnly:false RuntimeOnly:false HLODRelevant:true ListedInSceneOutliner:true IsMainWorldOnly:false
 |   |   |- Guid:BDDE0BE74AD36D97EEBBACAC7722F0D2 NativeClass:/Script/Engine.StaticMeshActor Name:StaticMeshActor_UAID_D85ED382F83D619802_1942496079 Label:SM_Wall_Door SpatiallyLoaded:true EditorBounds:IsValid=true, Min=(X=-10.077 Y=2536.018 Z=-0.000), Max=(X=589.999 Y=2614.086 Z=420.000) RuntimeBounds:IsValid=true, Min=(X=-10.077 Y=2536.018 Z=-0.000), Max=(X=589.999 Y=2614.086 Z=420.000) RuntimeGrid:None EditorOnly:false RuntimeOnly:false HLODRelevant:true ListedInSceneOutliner:true IsMainWorldOnly:false
 |   |   |- Guid:D0C93ADC4E5664554E2ED39AE38DF476 NativeClass:/Script/Engine.StaticMeshActor Name:StaticMeshActor_UAID_D85ED382F83D629802_1509293267 Label:SM_Wall_Standard2 SpatiallyLoaded:true EditorBounds:IsValid=true, Min=(X=-633.787 Y=1399.994 Z=-0.000), Max=(X=-556.406 Y=1999.995 Z=420.000) RuntimeBounds:IsValid=true, Min=(X=-633.787 Y=1399.994 Z=-0.000), Max=(X=-556.406 Y=1999.995 Z=420.000) RuntimeGrid:None EditorOnly:false RuntimeOnly:false HLODRelevant:true ListedInSceneOutliner:true IsMainWorldOnly:false
 |   |   |- Guid:D56B13953B903363AB9AC18C7D52B868 BaseClass:/Game/FirstPerson/Blueprints/BP_Pickup_Rifle.BP_Pickup_Rifle_C NativeClass:/Script/Engine.Actor Name:BP_Rifle_C_1 Label:BP_Pickup_Rifle SpatiallyLoaded:true EditorBounds:IsValid=true, Min=(X=1378.000 Y=818.000 Z=64.000), Max=(X=1442.000 Y=907.440 Z=128.000) RuntimeBounds:IsValid=true, Min=(X=1378.000 Y=818.000 Z=64.000), Max=(X=1442.000 Y=907.440 Z=128.000) RuntimeGrid:None EditorOnly:false RuntimeOnly:false HLODRelevant:false ListedInSceneOutliner:true IsMainWorldOnly:false
 |   |   |- Guid:D64B90BB47F66150790EB2A958891EC7 NativeClass:/Script/Engine.StaticMeshActor Name:StaticMeshActor_UAID_D85ED382F83D629802_1080080259 Label:SM_Wall_SlimFiller2 SpatiallyLoaded:true EditorBounds:IsValid=true, Min=(X=858.417 Y=2816.406 Z=-0.000), Max=(X=919.995 Y=2893.787 Z=420.000) RuntimeBounds:IsValid=true, Min=(X=858.417 Y=2816.406 Z=-0.000), Max=(X=919.995 Y=2893.787 Z=420.000) RuntimeGrid:None EditorOnly:false RuntimeOnly:false HLODRelevant:true ListedInSceneOutliner:true IsMainWorldOnly:false
 |   |   |- Guid:DF274C3B4FDD7103F1B747A5B8082758 NativeClass:/Script/Engine.StaticMeshActor Name:StaticMeshActor_UAID_D85ED382F83D619802_2070764080 Label:SM_Wall_Standard90D SpatiallyLoaded:true EditorBounds:IsValid=true, Min=(X=-303.787 Y=2529.982 Z=-0.000), Max=(X=-3.774 Y=2829.995 Z=420.000) RuntimeBounds:IsValid=true, Min=(X=-303.787 Y=2529.982 Z=-0.000), Max=(X=-3.774 Y=2829.995 Z=420.000) RuntimeGrid:None EditorOnly:false RuntimeOnly:false HLODRelevant:true ListedInSceneOutliner:true IsMainWorldOnly:false
 |   |   |- Guid:E449D3E1986E38F0BDCA23911BE048B6 NativeClass:/Script/Engine.StaticMeshActor Name:StaticMeshActor_0 Label:SM_Cube SpatiallyLoaded:true EditorBounds:IsValid=true, Min=(X=0.000 Y=0.000 Z=-50.000), Max=(X=3000.000 Y=3500.000 Z=0.000) RuntimeBounds:IsValid=true, Min=(X=0.000 Y=0.000 Z=-50.000), Max=(X=3000.000 Y=3500.000 Z=0.000) RuntimeGrid:None EditorOnly:false RuntimeOnly:false HLODRelevant:true ListedInSceneOutliner:true IsMainWorldOnly:false FolderPath:Playground FolderGuid:6C02BB504B69D1F3D7A624B130C18E5B
 |   |   |- Guid:E5461453491D8FF30D0B7EA5D71C3943 NativeClass:/Script/Engine.StaticMeshActor Name:StaticMeshActor_UAID_D85ED382F83D629802_1343474264 Label:SM_Wall_Standard90D4 SpatiallyLoaded:true EditorBounds:IsValid=true, Min=(X=-633.787 Y=1099.982 Z=-0.000), Max=(X=-333.774 Y=1399.995 Z=420.000) RuntimeBounds:IsValid=true, Min=(X=-633.787 Y=1099.982 Z=-0.000), Max=(X=-333.774 Y=1399.995 Z=420.000) RuntimeGrid:None EditorOnly:false RuntimeOnly:false HLODRelevant:true ListedInSceneOutliner:true IsMainWorldOnly:false
 |   |   |- Guid:E58D97CF1DC43AC1ABA74365C53B66FA NativeClass:/Script/Engine.WorldDataLayers Name:WorldDataLayers Label:WorldDataLayers SpatiallyLoaded:false EditorBounds:IsValid=false, Min=(X=0.000 Y=0.000 Z=0.000), Max=(X=0.000 Y=0.000 Z=0.000) RuntimeBounds:IsValid=false, Min=(X=0.000 Y=0.000 Z=0.000), Max=(X=0.000 Y=0.000 Z=0.000) RuntimeGrid:None EditorOnly:false RuntimeOnly:false HLODRelevant:false ListedInSceneOutliner:true IsMainWorldOnly:true
 |   |   |- Guid:E7863632D63B3DE5BE77086DE4C73044 NativeClass:/Script/Engine.DirectionalLight Name:DirectionalLight_1 Label:DirectionalLight SpatiallyLoaded:false EditorBounds:IsValid=false, Min=(X=0.000 Y=0.000 Z=0.000), Max=(X=0.000 Y=0.000 Z=0.000) RuntimeBounds:IsValid=false, Min=(X=0.000 Y=0.000 Z=0.000), Max=(X=0.000 Y=0.000 Z=0.000) RuntimeGrid:None EditorOnly:false RuntimeOnly:false HLODRelevant:false ListedInSceneOutliner:true IsMainWorldOnly:false FolderPath:Lighting FolderGuid:0BA5F0A04EADB18E70D5B180D08FA34B
 |   |   |- Guid:F098EAAB4522DC124A4DC7B0CC348E73 NativeClass:/Script/Engine.StaticMeshActor Name:StaticMeshActor_UAID_D85ED382F83DE09502_1659725263 Label:Iphone_Lowpoly_Final SpatiallyLoaded:true EditorBounds:IsValid=true, Min=(X=1344.207 Y=891.295 Z=138.709), Max=(X=1355.442 Y=892.634 Z=161.722) RuntimeBounds:IsValid=true, Min=(X=1344.207 Y=891.295 Z=138.709), Max=(X=1355.442 Y=892.634 Z=161.722) RuntimeGrid:None EditorOnly:false RuntimeOnly:false HLODRelevant:true ListedInSceneOutliner:true IsMainWorldOnly:false
 |   |- [+] Clusters:
 |   |   |- [+] [  0]
 |   |   |   |- Guid:0074E44A81B53CB19DD61A025F808810 NativeClass:/Script/Engine.SkyAtmosphere Name:SkyAtmosphere_0 Label:SkyAtmosphere SpatiallyLoaded:false EditorBounds:IsValid=true, Min=(X=-128.000 Y=-128.000 Z=892.000), Max=(X=240.000 Y=128.000 Z=1148.000) RuntimeBounds:IsValid=true, Min=(X=0.000 Y=0.000 Z=1020.000), Max=(X=0.000 Y=0.000 Z=1020.000) RuntimeGrid:None EditorOnly:false RuntimeOnly:false HLODRelevant:false ListedInSceneOutliner:true IsMainWorldOnly:false FolderPath:Lighting FolderGuid:0BA5F0A04EADB18E70D5B180D08FA34B
 |   |   |- [+] [  1]
 |   |   |   |- Guid:2799BFE4FC0A3FA4AADA3795D40F0564 NativeClass:/Script/Engine.PlayerStart Name:PlayerStart_0 Label:PlayerStart SpatiallyLoaded:false EditorBounds:IsValid=true, Min=(X=772.000 Y=722.000 Z=-35.987), Max=(X=1140.000 Y=978.000 Z=220.013) RuntimeBounds:IsValid=true, Min=(X=860.000 Y=810.000 Z=0.013), Max=(X=940.000 Y=890.000 Z=184.013) RuntimeGrid:None EditorOnly:false RuntimeOnly:false HLODRelevant:false ListedInSceneOutliner:true IsMainWorldOnly:false
 |   |   |- [+] [  2]
 |   |   |   |- Guid:2A888BAD493FF59B49B02BBC51DAB895 NativeClass:/Script/Engine.StaticMeshActor Name:StaticMeshActor_UAID_D85ED382F83D629802_1116006260 Label:SM_Wall_Standard90D3 SpatiallyLoaded:true EditorBounds:IsValid=true, Min=(X=-630.018 Y=2593.774 Z=-0.000), Max=(X=-330.005 Y=2893.787 Z=420.000) RuntimeBounds:IsValid=true, Min=(X=-630.018 Y=2593.774 Z=-0.000), Max=(X=-330.005 Y=2893.787 Z=420.000) RuntimeGrid:None EditorOnly:false RuntimeOnly:false HLODRelevant:true ListedInSceneOutliner:true IsMainWorldOnly:false
 |   |   |- [+] [  3]
 |   |   |   |- Guid:31013E2EE45E3458A6737BC494C5BBEE NativeClass:/Script/Engine.SkyLight Name:SkyLight_0 Label:SkyLight SpatiallyLoaded:false EditorBounds:IsValid=true, Min=(X=-1.000 Y=-1.000 Z=-1.000), Max=(X=1.000 Y=1.000 Z=690.000) RuntimeBounds:IsValid=true, Min=(X=0.000 Y=0.000 Z=690.000), Max=(X=0.000 Y=0.000 Z=690.000) RuntimeGrid:None EditorOnly:false RuntimeOnly:false HLODRelevant:false ListedInSceneOutliner:true IsMainWorldOnly:false FolderPath:Lighting FolderGuid:0BA5F0A04EADB18E70D5B180D08FA34B
 |   |   |- [+] [  4]
 |   |   |   |- Guid:424ECC054E68C8337D6AA29EABB7B1EB NativeClass:/Script/Engine.StaticMeshActor Name:StaticMeshActor_UAID_D85ED382F83D619802_2136746082 Label:SM_Wall_SlimFiller SpatiallyLoaded:true EditorBounds:IsValid=true, Min=(X=-331.583 Y=2816.406 Z=-0.000), Max=(X=-270.005 Y=2893.787 Z=420.000) RuntimeBounds:IsValid=true, Min=(X=-331.583 Y=2816.406 Z=-0.000), Max=(X=-270.005 Y=2893.787 Z=420.000) RuntimeGrid:None EditorOnly:false RuntimeOnly:false HLODRelevant:true ListedInSceneOutliner:true IsMainWorldOnly:false
 |   |   |- [+] [  5]
 |   |   |   |- Guid:6CDDA87AB298320AB0868658B834E679 NativeClass:/Script/Engine.ExponentialHeightFog Name:ExponentialHeightFog_0 Label:ExponentialHeightFog SpatiallyLoaded:false EditorBounds:IsValid=true, Min=(X=-5728.000 Y=-178.000 Z=-6978.000), Max=(X=-5472.000 Y=78.000 Z=-6722.000) RuntimeBounds:IsValid=true, Min=(X=-5600.000 Y=-50.000 Z=-6850.000), Max=(X=-5600.000 Y=-50.000 Z=-6850.000) RuntimeGrid:None EditorOnly:false RuntimeOnly:false HLODRelevant:false ListedInSceneOutliner:true IsMainWorldOnly:false FolderPath:Lighting FolderGuid:0BA5F0A04EADB18E70D5B180D08FA34B
 |   |   |- [+] [  6]
 |   |   |   |- Guid:777F4E3A4D0F17978D1791B53891B398 NativeClass:/Script/Engine.StaticMeshActor Name:StaticMeshActor_UAID_D85ED382F83D619802_2110714081 Label:SM_Wall_Standard90D2 SpatiallyLoaded:true EditorBounds:IsValid=true, Min=(X=590.005 Y=2536.213 Z=-0.000), Max=(X=890.018 Y=2836.226 Z=420.000) RuntimeBounds:IsValid=true, Min=(X=590.005 Y=2536.213 Z=-0.000), Max=(X=890.018 Y=2836.226 Z=420.000) RuntimeGrid:None EditorOnly:false RuntimeOnly:false HLODRelevant:true ListedInSceneOutliner:true IsMainWorldOnly:false
 |   |   |- [+] [  7]
 |   |   |   |- Guid:77E3EC57EFB9335081255F7A97030017 NativeClass:/Script/Engine.StaticMeshActor Name:StaticMeshActor_UAID_A4AE111137DC5EFB00_2001720423 Label:SM_SkySphere SpatiallyLoaded:false EditorBounds:IsValid=true, Min=(X=-1638400.000 Y=-1638400.000 Z=-1638400.000), Max=(X=1638400.000 Y=1638400.000 Z=1638400.000) RuntimeBounds:IsValid=true, Min=(X=-1638400.000 Y=-1638400.000 Z=-1638400.000), Max=(X=1638400.000 Y=1638400.000 Z=1638400.000) RuntimeGrid:None EditorOnly:false RuntimeOnly:false HLODRelevant:false ListedInSceneOutliner:true IsMainWorldOnly:false FolderPath:Lighting FolderGuid:0BA5F0A04EADB18E70D5B180D08FA34B
 |   |   |- [+] [  8]
 |   |   |   |- Guid:7A79317F4053707D2923AA9C638C34BD NativeClass:/Script/Engine.StaticMeshActor Name:StaticMeshActor_UAID_D85ED382F83D629802_1479483266 Label:SM_Wall_Standard SpatiallyLoaded:true EditorBounds:IsValid=true, Min=(X=-633.787 Y=1999.994 Z=-0.000), Max=(X=-556.406 Y=2599.995 Z=420.000) RuntimeBounds:IsValid=true, Min=(X=-633.787 Y=1999.994 Z=-0.000), Max=(X=-556.406 Y=2599.995 Z=420.000) RuntimeGrid:None EditorOnly:false RuntimeOnly:false HLODRelevant:true ListedInSceneOutliner:true IsMainWorldOnly:false
 |   |   |- [+] [  9]
 |   |   |   |- Guid:94154B9924CE3EB3AC1DD6A45963B8E5 NativeClass:/Script/Engine.PostProcessVolume Name:PostProcessVolume_0 Label:PostProcessVolume SpatiallyLoaded:false EditorBounds:IsValid=true, Min=(X=0.000 Y=0.000 Z=400.000), Max=(X=200.000 Y=200.000 Z=600.000) RuntimeBounds:IsValid=true, Min=(X=0.000 Y=0.000 Z=400.000), Max=(X=200.000 Y=200.000 Z=600.000) RuntimeGrid:None EditorOnly:false RuntimeOnly:false HLODRelevant:false ListedInSceneOutliner:true IsMainWorldOnly:false FolderPath:Lighting FolderGuid:0BA5F0A04EADB18E70D5B180D08FA34B
 |   |   |- [+] [ 10]
 |   |   |   |- Guid:9ECAB6A18EDF3F4DBAC9EC9E6BFB4105 NativeClass:/Script/Engine.VolumetricCloud Name:VolumetricCloud_0 Label:VolumetricCloud SpatiallyLoaded:false EditorBounds:IsValid=true, Min=(X=-128.000 Y=-128.000 Z=692.000), Max=(X=128.000 Y=128.000 Z=948.000) RuntimeBounds:IsValid=true, Min=(X=0.000 Y=0.000 Z=820.000), Max=(X=0.000 Y=0.000 Z=820.000) RuntimeGrid:None EditorOnly:false RuntimeOnly:false HLODRelevant:false ListedInSceneOutliner:true IsMainWorldOnly:false FolderPath:Lighting FolderGuid:0BA5F0A04EADB18E70D5B180D08FA34B
 |   |   |- [+] [ 11]
 |   |   |   |- Guid:AA98A66A416C68B92FD363ABC0E06E8B NativeClass:/Script/Engine.StaticMeshActor Name:StaticMeshActor_UAID_D85ED382F83D179702_1984666999 Label:Plane SpatiallyLoaded:true EditorBounds:IsValid=true, Min=(X=-3502.500 Y=-2897.686 Z=0.100), Max=(X=6622.500 Y=5057.686 Z=0.100) RuntimeBounds:IsValid=true, Min=(X=-3502.500 Y=-2897.686 Z=0.100), Max=(X=6622.500 Y=5057.686 Z=0.100) RuntimeGrid:None EditorOnly:false RuntimeOnly:false HLODRelevant:true ListedInSceneOutliner:true IsMainWorldOnly:false
 |   |   |- [+] [ 12]
 |   |   |   |- Guid:B8DC26CD49F3DCE7021BC69A1DCA9D61 NativeClass:/Script/Engine.StaticMeshActor Name:StaticMeshActor_UAID_D85ED382F83D629802_1232322262 Label:Plane2 SpatiallyLoaded:true EditorBounds:IsValid=true, Min=(X=-2047.500 Y=-4191.253 Z=-428.943), Max=(X=4127.500 Y=-3348.747 Z=4349.143) RuntimeBounds:IsValid=true, Min=(X=-2047.500 Y=-4191.253 Z=-428.943), Max=(X=4127.500 Y=-3348.747 Z=4349.143) RuntimeGrid:None EditorOnly:false RuntimeOnly:false HLODRelevant:true ListedInSceneOutliner:true IsMainWorldOnly:false
 |   |   |- [+] [ 13]
 |   |   |   |- Guid:BDDE0BE74AD36D97EEBBACAC7722F0D2 NativeClass:/Script/Engine.StaticMeshActor Name:StaticMeshActor_UAID_D85ED382F83D619802_1942496079 Label:SM_Wall_Door SpatiallyLoaded:true EditorBounds:IsValid=true, Min=(X=-10.077 Y=2536.018 Z=-0.000), Max=(X=589.999 Y=2614.086 Z=420.000) RuntimeBounds:IsValid=true, Min=(X=-10.077 Y=2536.018 Z=-0.000), Max=(X=589.999 Y=2614.086 Z=420.000) RuntimeGrid:None EditorOnly:false RuntimeOnly:false HLODRelevant:true ListedInSceneOutliner:true IsMainWorldOnly:false
 |   |   |- [+] [ 14]
 |   |   |   |- Guid:D0C93ADC4E5664554E2ED39AE38DF476 NativeClass:/Script/Engine.StaticMeshActor Name:StaticMeshActor_UAID_D85ED382F83D629802_1509293267 Label:SM_Wall_Standard2 SpatiallyLoaded:true EditorBounds:IsValid=true, Min=(X=-633.787 Y=1399.994 Z=-0.000), Max=(X=-556.406 Y=1999.995 Z=420.000) RuntimeBounds:IsValid=true, Min=(X=-633.787 Y=1399.994 Z=-0.000), Max=(X=-556.406 Y=1999.995 Z=420.000) RuntimeGrid:None EditorOnly:false RuntimeOnly:false HLODRelevant:true ListedInSceneOutliner:true IsMainWorldOnly:false
 |   |   |- [+] [ 15]
 |   |   |   |- Guid:D56B13953B903363AB9AC18C7D52B868 BaseClass:/Game/FirstPerson/Blueprints/BP_Pickup_Rifle.BP_Pickup_Rifle_C NativeClass:/Script/Engine.Actor Name:BP_Rifle_C_1 Label:BP_Pickup_Rifle SpatiallyLoaded:true EditorBounds:IsValid=true, Min=(X=1378.000 Y=818.000 Z=64.000), Max=(X=1442.000 Y=907.440 Z=128.000) RuntimeBounds:IsValid=true, Min=(X=1378.000 Y=818.000 Z=64.000), Max=(X=1442.000 Y=907.440 Z=128.000) RuntimeGrid:None EditorOnly:false RuntimeOnly:false HLODRelevant:false ListedInSceneOutliner:true IsMainWorldOnly:false
 |   |   |- [+] [ 16]
 |   |   |   |- Guid:D64B90BB47F66150790EB2A958891EC7 NativeClass:/Script/Engine.StaticMeshActor Name:StaticMeshActor_UAID_D85ED382F83D629802_1080080259 Label:SM_Wall_SlimFiller2 SpatiallyLoaded:true EditorBounds:IsValid=true, Min=(X=858.417 Y=2816.406 Z=-0.000), Max=(X=919.995 Y=2893.787 Z=420.000) RuntimeBounds:IsValid=true, Min=(X=858.417 Y=2816.406 Z=-0.000), Max=(X=919.995 Y=2893.787 Z=420.000) RuntimeGrid:None EditorOnly:false RuntimeOnly:false HLODRelevant:true ListedInSceneOutliner:true IsMainWorldOnly:false
 |   |   |- [+] [ 17]
 |   |   |   |- Guid:DF274C3B4FDD7103F1B747A5B8082758 NativeClass:/Script/Engine.StaticMeshActor Name:StaticMeshActor_UAID_D85ED382F83D619802_2070764080 Label:SM_Wall_Standard90D SpatiallyLoaded:true EditorBounds:IsValid=true, Min=(X=-303.787 Y=2529.982 Z=-0.000), Max=(X=-3.774 Y=2829.995 Z=420.000) RuntimeBounds:IsValid=true, Min=(X=-303.787 Y=2529.982 Z=-0.000), Max=(X=-3.774 Y=2829.995 Z=420.000) RuntimeGrid:None EditorOnly:false RuntimeOnly:false HLODRelevant:true ListedInSceneOutliner:true IsMainWorldOnly:false
 |   |   |- [+] [ 18]
 |   |   |   |- Guid:E449D3E1986E38F0BDCA23911BE048B6 NativeClass:/Script/Engine.StaticMeshActor Name:StaticMeshActor_0 Label:SM_Cube SpatiallyLoaded:true EditorBounds:IsValid=true, Min=(X=0.000 Y=0.000 Z=-50.000), Max=(X=3000.000 Y=3500.000 Z=0.000) RuntimeBounds:IsValid=true, Min=(X=0.000 Y=0.000 Z=-50.000), Max=(X=3000.000 Y=3500.000 Z=0.000) RuntimeGrid:None EditorOnly:false RuntimeOnly:false HLODRelevant:true ListedInSceneOutliner:true IsMainWorldOnly:false FolderPath:Playground FolderGuid:6C02BB504B69D1F3D7A624B130C18E5B
 |   |   |- [+] [ 19]
 |   |   |   |- Guid:E5461453491D8FF30D0B7EA5D71C3943 NativeClass:/Script/Engine.StaticMeshActor Name:StaticMeshActor_UAID_D85ED382F83D629802_1343474264 Label:SM_Wall_Standard90D4 SpatiallyLoaded:true EditorBounds:IsValid=true, Min=(X=-633.787 Y=1099.982 Z=-0.000), Max=(X=-333.774 Y=1399.995 Z=420.000) RuntimeBounds:IsValid=true, Min=(X=-633.787 Y=1099.982 Z=-0.000), Max=(X=-333.774 Y=1399.995 Z=420.000) RuntimeGrid:None EditorOnly:false RuntimeOnly:false HLODRelevant:true ListedInSceneOutliner:true IsMainWorldOnly:false
 |   |   |- [+] [ 20]
 |   |   |   |- Guid:E58D97CF1DC43AC1ABA74365C53B66FA NativeClass:/Script/Engine.WorldDataLayers Name:WorldDataLayers Label:WorldDataLayers SpatiallyLoaded:false EditorBounds:IsValid=false, Min=(X=0.000 Y=0.000 Z=0.000), Max=(X=0.000 Y=0.000 Z=0.000) RuntimeBounds:IsValid=false, Min=(X=0.000 Y=0.000 Z=0.000), Max=(X=0.000 Y=0.000 Z=0.000) RuntimeGrid:None EditorOnly:false RuntimeOnly:false HLODRelevant:false ListedInSceneOutliner:true IsMainWorldOnly:true
 |   |   |- [+] [ 21]
 |   |   |   |- Guid:E7863632D63B3DE5BE77086DE4C73044 NativeClass:/Script/Engine.DirectionalLight Name:DirectionalLight_1 Label:DirectionalLight SpatiallyLoaded:false EditorBounds:IsValid=false, Min=(X=0.000 Y=0.000 Z=0.000), Max=(X=0.000 Y=0.000 Z=0.000) RuntimeBounds:IsValid=false, Min=(X=0.000 Y=0.000 Z=0.000), Max=(X=0.000 Y=0.000 Z=0.000) RuntimeGrid:None EditorOnly:false RuntimeOnly:false HLODRelevant:false ListedInSceneOutliner:true IsMainWorldOnly:false FolderPath:Lighting FolderGuid:0BA5F0A04EADB18E70D5B180D08FA34B
 |   |   |- [+] [ 22]
 |   |   |   |- Guid:F098EAAB4522DC124A4DC7B0CC348E73 NativeClass:/Script/Engine.StaticMeshActor Name:StaticMeshActor_UAID_D85ED382F83DE09502_1659725263 Label:Iphone_Lowpoly_Final SpatiallyLoaded:true EditorBounds:IsValid=true, Min=(X=1344.207 Y=891.295 Z=138.709), Max=(X=1355.442 Y=892.634 Z=161.722) RuntimeBounds:IsValid=true, Min=(X=1344.207 Y=891.295 Z=138.709), Max=(X=1355.442 Y=892.634 Z=161.722) RuntimeGrid:None EditorOnly:false RuntimeOnly:false HLODRelevant:true ListedInSceneOutliner:true IsMainWorldOnly:false
 |- ContainerInstances:
 |- [+] MainContainer:
 |   |-        ID: 00000000000000000000000000000000
 |   |-  ParentID: 00000000000000000000000000000000
 |   |-    Bounds: IsValid=false, Min=(X=0.000 Y=0.000 Z=0.000), Max=(X=0.000 Y=0.000 Z=0.000)
 |   |- Transform: 0.000000,0.000000,0.000000|0.000000,0.000000,-0.000000|1.000000,1.000000,1.000000
 |   |- Container: /Game/FirstPerson/Maps/AlexBranch
----------------------------------------------------------------------------------------------------------------
AlexBranch - Persistent Level
----------------------------------------------------------------------------------------------------------------
[+] Content of AlexBranch Persistent Level
 |- Always loaded Actor Count: 23 
 |- Actor Path: /Game/FirstPerson/Maps/AlexBranch.AlexBranch:PersistentLevel.BP_Rifle_C_1
 |- Actor Package: /Game/__ExternalActors__/FirstPerson/Maps/AlexBranch/4/9F/QAFA95Y4FHODTW5LZOYWHH
 |- Actor Path: /Game/FirstPerson/Maps/AlexBranch.AlexBranch:PersistentLevel.DirectionalLight_1
 |- Actor Package: /Game/__ExternalActors__/FirstPerson/Maps/AlexBranch/C/UA/Z7RLZKI358UV2JBGB7AXDY
 |- Actor Path: /Game/FirstPerson/Maps/AlexBranch.AlexBranch:PersistentLevel.ExponentialHeightFog_0
 |- Actor Package: /Game/__ExternalActors__/FirstPerson/Maps/AlexBranch/5/Z7/GB3FZ9BSPXHIQIMPMJ4U6K
 |- Actor Path: /Game/FirstPerson/Maps/AlexBranch.AlexBranch:PersistentLevel.PlayerStart_0
 |- Actor Package: /Game/__ExternalActors__/FirstPerson/Maps/AlexBranch/6/GE/LTH6IFWV424S1EFEK9QNOT
 |- Actor Path: /Game/FirstPerson/Maps/AlexBranch.AlexBranch:PersistentLevel.PostProcessVolume_0
 |- Actor Package: /Game/__ExternalActors__/FirstPerson/Maps/AlexBranch/B/H8/6GPRCOLEC9WQU3URBYZGL3
 |- Actor Path: /Game/FirstPerson/Maps/AlexBranch.AlexBranch:PersistentLevel.SkyAtmosphere_0
 |- Actor Package: /Game/__ExternalActors__/FirstPerson/Maps/AlexBranch/9/J3/ZBVJNVSSUKSWVKJMO49TXL
 |- Actor Path: /Game/FirstPerson/Maps/AlexBranch.AlexBranch:PersistentLevel.SkyLight_0
 |- Actor Package: /Game/__ExternalActors__/FirstPerson/Maps/AlexBranch/9/QF/QSELI3POQ3KIYJJDLAQ86C
 |- Actor Path: /Game/FirstPerson/Maps/AlexBranch.AlexBranch:PersistentLevel.StaticMeshActor_0
 |- Actor Package: /Game/__ExternalActors__/FirstPerson/Maps/AlexBranch/C/71/KHUGKDH1VWY0GH4RZVERA6
 |- Actor Path: /Game/FirstPerson/Maps/AlexBranch.AlexBranch:PersistentLevel.StaticMeshActor_UAID_A4AE111137DC5EFB00_2001720423
 |- Actor Package: /Game/__ExternalActors__/FirstPerson/Maps/AlexBranch/6/8L/49VAQ19PPM95Y7V95GWQPF
 |- Actor Path: /Game/FirstPerson/Maps/AlexBranch.AlexBranch:PersistentLevel.StaticMeshActor_UAID_D85ED382F83D179702_1984666999
 |- Actor Package: /Game/__ExternalActors__/FirstPerson/Maps/AlexBranch/C/BY/S4KB3UF8GGY9DQSVYPIWEJ
 |- Actor Path: /Game/FirstPerson/Maps/AlexBranch.AlexBranch:PersistentLevel.StaticMeshActor_UAID_D85ED382F83D619802_1942496079
 |- Actor Package: /Game/__ExternalActors__/FirstPerson/Maps/AlexBranch/2/B0/284OH42KJQTD15EJ9WJ5AN
 |- Actor Path: /Game/FirstPerson/Maps/AlexBranch.AlexBranch:PersistentLevel.StaticMeshActor_UAID_D85ED382F83D619802_2070764080
 |- Actor Package: /Game/__ExternalActors__/FirstPerson/Maps/AlexBranch/A/2A/BWA3FNR5S3J1I21ZMC7YUB
 |- Actor Path: /Game/FirstPerson/Maps/AlexBranch.AlexBranch:PersistentLevel.StaticMeshActor_UAID_D85ED382F83D619802_2110714081
 |- Actor Package: /Game/__ExternalActors__/FirstPerson/Maps/AlexBranch/C/15/UQ6H5K7V98KMUS14GNVXOZ
 |- Actor Path: /Game/FirstPerson/Maps/AlexBranch.AlexBranch:PersistentLevel.StaticMeshActor_UAID_D85ED382F83D619802_2136746082
 |- Actor Package: /Game/__ExternalActors__/FirstPerson/Maps/AlexBranch/3/XN/F6CL669JXW1NJ4UP0V1BGP
 |- Actor Path: /Game/FirstPerson/Maps/AlexBranch.AlexBranch:PersistentLevel.StaticMeshActor_UAID_D85ED382F83D629802_1080080259
 |- Actor Package: /Game/__ExternalActors__/FirstPerson/Maps/AlexBranch/7/IN/NJPGRVGW4SV50FC6X7J2WM
 |- Actor Path: /Game/FirstPerson/Maps/AlexBranch.AlexBranch:PersistentLevel.StaticMeshActor_UAID_D85ED382F83D629802_1116006260
 |- Actor Package: /Game/__ExternalActors__/FirstPerson/Maps/AlexBranch/8/GS/PVSH034M0PWQ0PAX6LAA0R
 |- Actor Path: /Game/FirstPerson/Maps/AlexBranch.AlexBranch:PersistentLevel.StaticMeshActor_UAID_D85ED382F83D629802_1232322262
 |- Actor Package: /Game/__ExternalActors__/FirstPerson/Maps/AlexBranch/2/K5/GZKJIQERAWEIRQUBGD9IBX
 |- Actor Path: /Game/FirstPerson/Maps/AlexBranch.AlexBranch:PersistentLevel.StaticMeshActor_UAID_D85ED382F83D629802_1343474264
 |- Actor Package: /Game/__ExternalActors__/FirstPerson/Maps/AlexBranch/1/YR/QBEXS9ZUDGJRSDE3M22JSV
 |- Actor Path: /Game/FirstPerson/Maps/AlexBranch.AlexBranch:PersistentLevel.StaticMeshActor_UAID_D85ED382F83D629802_1479483266
 |- Actor Package: /Game/__ExternalActors__/FirstPerson/Maps/AlexBranch/0/WC/MMH6XJ92NO378LEGAQUIVF
 |- Actor Path: /Game/FirstPerson/Maps/AlexBranch.AlexBranch:PersistentLevel.StaticMeshActor_UAID_D85ED382F83D629802_1509293267
 |- Actor Package: /Game/__ExternalActors__/FirstPerson/Maps/AlexBranch/2/1T/4F5RM1MO1P6IW8SUYU3QAA
 |- Actor Path: /Game/FirstPerson/Maps/AlexBranch.AlexBranch:PersistentLevel.StaticMeshActor_UAID_D85ED382F83DE09502_1659725263
 |- Actor Package: /Game/__ExternalActors__/FirstPerson/Maps/AlexBranch/6/UP/33Q32I73CPV3S882H9BB1I
 |- Actor Path: /Game/FirstPerson/Maps/AlexBranch.AlexBranch:PersistentLevel.VolumetricCloud_0
 |- Actor Package: /Game/__ExternalActors__/FirstPerson/Maps/AlexBranch/5/P9/7776BR1NTIQ6YO6YHORJ9Z
 |- Actor Path: /Game/FirstPerson/Maps/AlexBranch.AlexBranch:PersistentLevel.WorldDataLayers
 |- Actor Package: /Game/__ExternalActors__/FirstPerson/Maps/AlexBranch/E/IT/9LDT3J9HA7ALLFVCYXGTWF

----------------------------------------------------------------------------------------------------------------
AlexBranch - Runtime Hash Set
----------------------------------------------------------------------------------------------------------------

