[+] Containers:
 |- [+] Container: /Game/FirstPerson/Maps/AlexBranch
 |   |- [+] ActorDescs:
 |   |   |- Guid:0074E44A81B53CB19DD61A025F808810 NativeClass:/Script/Engine.SkyAtmosphere Name:SkyAtmosphere_0 Label:SkyAtmosphere SpatiallyLoaded:false EditorBounds:IsValid=true, Min=(X=-128.000 Y=-128.000 Z=892.000), Max=(X=240.000 Y=128.000 Z=1148.000) RuntimeBounds:IsValid=true, Min=(X=0.000 Y=0.000 Z=1020.000), Max=(X=0.000 Y=0.000 Z=1020.000) RuntimeGrid:None EditorOnly:false RuntimeOnly:false HLODRelevant:false ListedInSceneOutliner:true IsMainWorldOnly:false FolderPath:Lighting FolderGuid:0BA5F0A04EADB18E70D5B180D08FA34B
 |   |   |- Guid:2799BFE4FC0A3FA4AADA3795D40F0564 NativeClass:/Script/Engine.PlayerStart Name:PlayerStart_0 Label:PlayerStart SpatiallyLoaded:false EditorBounds:IsValid=true, Min=(X=772.000 Y=722.000 Z=-35.987), Max=(X=1140.000 Y=978.000 Z=220.013) RuntimeBounds:IsValid=true, Min=(X=860.000 Y=810.000 Z=0.013), Max=(X=940.000 Y=890.000 Z=184.013) RuntimeGrid:None EditorOnly:false RuntimeOnly:false HLODRelevant:false ListedInSceneOutliner:true IsMainWorldOnly:false
 |   |   |- Guid:31013E2EE45E3458A6737BC494C5BBEE NativeClass:/Script/Engine.SkyLight Name:SkyLight_0 Label:SkyLight SpatiallyLoaded:false EditorBounds:IsValid=true, Min=(X=-1.000 Y=-1.000 Z=-1.000), Max=(X=1.000 Y=1.000 Z=690.000) RuntimeBounds:IsValid=true, Min=(X=0.000 Y=0.000 Z=690.000), Max=(X=0.000 Y=0.000 Z=690.000) RuntimeGrid:None EditorOnly:false RuntimeOnly:false HLODRelevant:false ListedInSceneOutliner:true IsMainWorldOnly:false FolderPath:Lighting FolderGuid:0BA5F0A04EADB18E70D5B180D08FA34B
 |   |   |- Guid:40B3C951490F6701E3B1E488E5B06C4F NativeClass:/Script/Engine.StaticMeshActor Name:StaticMeshActor_UAID_D85ED382F83D189702_1135077181 Label:SM_DoorFrame6 SpatiallyLoaded:true EditorBounds:IsValid=true, Min=(X=-186.150 Y=1238.356 Z=0.000), Max=(X=-93.850 Y=1341.644 Z=211.996) RuntimeBounds:IsValid=true, Min=(X=-186.150 Y=1238.356 Z=0.000), Max=(X=-93.850 Y=1341.644 Z=211.996) RuntimeGrid:None EditorOnly:false RuntimeOnly:false HLODRelevant:true ListedInSceneOutliner:true IsMainWorldOnly:false
 |   |   |- Guid:458DEF5A4B649B48E4AD04BAF427DF1A NativeClass:/Script/Engine.StaticMeshActor Name:StaticMeshActor_UAID_D85ED382F83D189702_1197047185 Label:SM_DoorFrame10 SpatiallyLoaded:true EditorBounds:IsValid=true, Min=(X=-552.419 Y=1623.004 Z=0.000), Max=(X=-527.581 Y=1736.996 Z=211.996) RuntimeBounds:IsValid=true, Min=(X=-552.419 Y=1623.004 Z=0.000), Max=(X=-527.581 Y=1736.996 Z=211.996) RuntimeGrid:None EditorOnly:false RuntimeOnly:false HLODRelevant:true ListedInSceneOutliner:true IsMainWorldOnly:false
 |   |   |- Guid:4C73332C44A30B6C47B765815D936765 NativeClass:/Script/Engine.StaticMeshActor Name:StaticMeshActor_UAID_D85ED382F83D189702_1177648184 Label:SM_DoorFrame9 SpatiallyLoaded:true EditorBounds:IsValid=true, Min=(X=-936.996 Y=1207.581 Z=0.000), Max=(X=-823.004 Y=1232.419 Z=211.996) RuntimeBounds:IsValid=true, Min=(X=-936.996 Y=1207.581 Z=0.000), Max=(X=-823.004 Y=1232.419 Z=211.996) RuntimeGrid:None EditorOnly:false RuntimeOnly:false HLODRelevant:true ListedInSceneOutliner:true IsMainWorldOnly:false
 |   |   |- Guid:6CDDA87AB298320AB0868658B834E679 NativeClass:/Script/Engine.ExponentialHeightFog Name:ExponentialHeightFog_0 Label:ExponentialHeightFog SpatiallyLoaded:false EditorBounds:IsValid=true, Min=(X=-5728.000 Y=-178.000 Z=-6978.000), Max=(X=-5472.000 Y=78.000 Z=-6722.000) RuntimeBounds:IsValid=true, Min=(X=-5600.000 Y=-50.000 Z=-6850.000), Max=(X=-5600.000 Y=-50.000 Z=-6850.000) RuntimeGrid:None EditorOnly:false RuntimeOnly:false HLODRelevant:false ListedInSceneOutliner:true IsMainWorldOnly:false FolderPath:Lighting FolderGuid:0BA5F0A04EADB18E70D5B180D08FA34B
 |   |   |- Guid:730213BD4F0D262C9213A2A9D894418F NativeClass:/Script/Engine.StaticMeshActor Name:StaticMeshActor_UAID_D85ED382F83D189702_1116021179 Label:SM_DoorFrame4 SpatiallyLoaded:true EditorBounds:IsValid=true, Min=(X=1122.313 Y=955.444 Z=0.000), Max=(X=1237.687 Y=1084.556 Z=264.995) RuntimeBounds:IsValid=true, Min=(X=1122.313 Y=955.444 Z=0.000), Max=(X=1237.687 Y=1084.556 Z=264.995) RuntimeGrid:None EditorOnly:false RuntimeOnly:false HLODRelevant:true ListedInSceneOutliner:true IsMainWorldOnly:false
 |   |   |- Guid:77E3EC57EFB9335081255F7A97030017 NativeClass:/Script/Engine.StaticMeshActor Name:StaticMeshActor_UAID_A4AE111137DC5EFB00_2001720423 Label:SM_SkySphere SpatiallyLoaded:false EditorBounds:IsValid=true, Min=(X=-1638400.000 Y=-1638400.000 Z=-1638400.000), Max=(X=1638400.000 Y=1638400.000 Z=1638400.000) RuntimeBounds:IsValid=true, Min=(X=-1638400.000 Y=-1638400.000 Z=-1638400.000), Max=(X=1638400.000 Y=1638400.000 Z=1638400.000) RuntimeGrid:None EditorOnly:false RuntimeOnly:false HLODRelevant:false ListedInSceneOutliner:true IsMainWorldOnly:false FolderPath:Lighting FolderGuid:0BA5F0A04EADB18E70D5B180D08FA34B
 |   |   |- Guid:8EF49CB7449573509A466CA08F4B12D0 NativeClass:/Script/Engine.StaticMeshActor Name:StaticMeshActor_UAID_D85ED382F83D179702_2129562000 Label:SM_DoorFrame SpatiallyLoaded:true EditorBounds:IsValid=true, Min=(X=927.581 Y=1713.004 Z=0.000), Max=(X=952.419 Y=1826.996 Z=211.996) RuntimeBounds:IsValid=true, Min=(X=927.581 Y=1713.004 Z=0.000), Max=(X=952.419 Y=1826.996 Z=211.996) RuntimeGrid:None EditorOnly:false RuntimeOnly:false HLODRelevant:true ListedInSceneOutliner:true IsMainWorldOnly:false
 |   |   |- Guid:94154B9924CE3EB3AC1DD6A45963B8E5 NativeClass:/Script/Engine.PostProcessVolume Name:PostProcessVolume_0 Label:PostProcessVolume SpatiallyLoaded:false EditorBounds:IsValid=true, Min=(X=0.000 Y=0.000 Z=400.000), Max=(X=200.000 Y=200.000 Z=600.000) RuntimeBounds:IsValid=true, Min=(X=0.000 Y=0.000 Z=400.000), Max=(X=200.000 Y=200.000 Z=600.000) RuntimeGrid:None EditorOnly:false RuntimeOnly:false HLODRelevant:false ListedInSceneOutliner:true IsMainWorldOnly:false FolderPath:Lighting FolderGuid:0BA5F0A04EADB18E70D5B180D08FA34B
 |   |   |- Guid:9E25DF1E4E8A3BE2FF218B8C8583F8A5 NativeClass:/Script/Engine.StaticMeshActor Name:StaticMeshActor_UAID_D85ED382F83D189702_1147982182 Label:SM_DoorFrame7 SpatiallyLoaded:true EditorBounds:IsValid=true, Min=(X=973.004 Y=1987.581 Z=0.000), Max=(X=1086.996 Y=2012.419 Z=211.996) RuntimeBounds:IsValid=true, Min=(X=973.004 Y=1987.581 Z=0.000), Max=(X=1086.996 Y=2012.419 Z=211.996) RuntimeGrid:None EditorOnly:false RuntimeOnly:false HLODRelevant:true ListedInSceneOutliner:true IsMainWorldOnly:false
 |   |   |- Guid:9ECAB6A18EDF3F4DBAC9EC9E6BFB4105 NativeClass:/Script/Engine.VolumetricCloud Name:VolumetricCloud_0 Label:VolumetricCloud SpatiallyLoaded:false EditorBounds:IsValid=true, Min=(X=-128.000 Y=-128.000 Z=692.000), Max=(X=128.000 Y=128.000 Z=948.000) RuntimeBounds:IsValid=true, Min=(X=0.000 Y=0.000 Z=820.000), Max=(X=0.000 Y=0.000 Z=820.000) RuntimeGrid:None EditorOnly:false RuntimeOnly:false HLODRelevant:false ListedInSceneOutliner:true IsMainWorldOnly:false FolderPath:Lighting FolderGuid:0BA5F0A04EADB18E70D5B180D08FA34B
 |   |   |- Guid:AA98A66A416C68B92FD363ABC0E06E8B NativeClass:/Script/Engine.StaticMeshActor Name:StaticMeshActor_UAID_D85ED382F83D179702_1984666999 Label:Plane SpatiallyLoaded:true EditorBounds:IsValid=true, Min=(X=-1585.000 Y=-362.500 Z=0.100), Max=(X=3665.000 Y=3762.500 Z=0.100) RuntimeBounds:IsValid=true, Min=(X=-1585.000 Y=-362.500 Z=0.100), Max=(X=3665.000 Y=3762.500 Z=0.100) RuntimeGrid:None EditorOnly:false RuntimeOnly:false HLODRelevant:true ListedInSceneOutliner:true IsMainWorldOnly:false
 |   |   |- Guid:C9BE705E474E2C1C2E948A9DF729FEF8 NativeClass:/Script/Engine.StaticMeshActor Name:StaticMeshActor_UAID_D85ED382F83D189702_1163013183 Label:SM_DoorFrame8 SpatiallyLoaded:true EditorBounds:IsValid=true, Min=(X=-436.996 Y=1777.581 Z=0.000), Max=(X=-323.004 Y=1802.419 Z=211.996) RuntimeBounds:IsValid=true, Min=(X=-436.996 Y=1777.581 Z=0.000), Max=(X=-323.004 Y=1802.419 Z=211.996) RuntimeGrid:None EditorOnly:false RuntimeOnly:false HLODRelevant:true ListedInSceneOutliner:true IsMainWorldOnly:false
 |   |   |- Guid:CEA3B4224BFA1F232D26B793F936D319 NativeClass:/Script/Engine.StaticMeshActor Name:StaticMeshActor_UAID_D85ED382F83D189702_1074533177 Label:SM_DoorFrame2 SpatiallyLoaded:true EditorBounds:IsValid=true, Min=(X=-142.419 Y=1713.004 Z=0.000), Max=(X=-117.581 Y=1826.996 Z=211.996) RuntimeBounds:IsValid=true, Min=(X=-142.419 Y=1713.004 Z=0.000), Max=(X=-117.581 Y=1826.996 Z=211.996) RuntimeGrid:None EditorOnly:false RuntimeOnly:false HLODRelevant:true ListedInSceneOutliner:true IsMainWorldOnly:false
 |   |   |- Guid:D56B13953B903363AB9AC18C7D52B868 BaseClass:/Game/FirstPerson/Blueprints/BP_Pickup_Rifle.BP_Pickup_Rifle_C NativeClass:/Script/Engine.Actor Name:BP_Rifle_C_1 Label:BP_Pickup_Rifle SpatiallyLoaded:true EditorBounds:IsValid=true, Min=(X=1378.000 Y=818.000 Z=64.000), Max=(X=1442.000 Y=907.440 Z=128.000) RuntimeBounds:IsValid=true, Min=(X=1378.000 Y=818.000 Z=64.000), Max=(X=1442.000 Y=907.440 Z=128.000) RuntimeGrid:None EditorOnly:false RuntimeOnly:false HLODRelevant:false ListedInSceneOutliner:true IsMainWorldOnly:false
 |   |   |- Guid:E449D3E1986E38F0BDCA23911BE048B6 NativeClass:/Script/Engine.StaticMeshActor Name:StaticMeshActor_0 Label:SM_Cube SpatiallyLoaded:true EditorBounds:IsValid=true, Min=(X=0.000 Y=0.000 Z=-50.000), Max=(X=3000.000 Y=3500.000 Z=0.000) RuntimeBounds:IsValid=true, Min=(X=0.000 Y=0.000 Z=-50.000), Max=(X=3000.000 Y=3500.000 Z=0.000) RuntimeGrid:None EditorOnly:false RuntimeOnly:false HLODRelevant:true ListedInSceneOutliner:true IsMainWorldOnly:false FolderPath:Playground FolderGuid:6C02BB504B69D1F3D7A624B130C18E5B
 |   |   |- Guid:E58D97CF1DC43AC1ABA74365C53B66FA NativeClass:/Script/Engine.WorldDataLayers Name:WorldDataLayers Label:WorldDataLayers SpatiallyLoaded:false EditorBounds:IsValid=false, Min=(X=0.000 Y=0.000 Z=0.000), Max=(X=0.000 Y=0.000 Z=0.000) RuntimeBounds:IsValid=false, Min=(X=0.000 Y=0.000 Z=0.000), Max=(X=0.000 Y=0.000 Z=0.000) RuntimeGrid:None EditorOnly:false RuntimeOnly:false HLODRelevant:false ListedInSceneOutliner:true IsMainWorldOnly:true
 |   |   |- Guid:E7863632D63B3DE5BE77086DE4C73044 NativeClass:/Script/Engine.DirectionalLight Name:DirectionalLight_1 Label:DirectionalLight SpatiallyLoaded:false EditorBounds:IsValid=false, Min=(X=0.000 Y=0.000 Z=0.000), Max=(X=0.000 Y=0.000 Z=0.000) RuntimeBounds:IsValid=false, Min=(X=0.000 Y=0.000 Z=0.000), Max=(X=0.000 Y=0.000 Z=0.000) RuntimeGrid:None EditorOnly:false RuntimeOnly:false HLODRelevant:false ListedInSceneOutliner:true IsMainWorldOnly:false FolderPath:Lighting FolderGuid:0BA5F0A04EADB18E70D5B180D08FA34B
 |   |   |- Guid:EB069C204057B4040EA8F1B57AB67B83 NativeClass:/Script/Engine.StaticMeshActor Name:StaticMeshActor_UAID_D85ED382F83D189702_1084929178 Label:SM_DoorFrame3 SpatiallyLoaded:true EditorBounds:IsValid=true, Min=(X=1583.004 Y=1287.581 Z=0.000), Max=(X=1696.996 Y=1312.419 Z=211.996) RuntimeBounds:IsValid=true, Min=(X=1583.004 Y=1287.581 Z=0.000), Max=(X=1696.996 Y=1312.419 Z=211.996) RuntimeGrid:None EditorOnly:false RuntimeOnly:false HLODRelevant:true ListedInSceneOutliner:true IsMainWorldOnly:false
 |   |   |- Guid:F098EAAB4522DC124A4DC7B0CC348E73 NativeClass:/Script/Engine.StaticMeshActor Name:StaticMeshActor_UAID_D85ED382F83DE09502_1659725263 Label:Iphone_Lowpoly_Final SpatiallyLoaded:true EditorBounds:IsValid=true, Min=(X=1344.207 Y=891.295 Z=138.709), Max=(X=1355.442 Y=892.634 Z=161.722) RuntimeBounds:IsValid=true, Min=(X=1344.207 Y=891.295 Z=138.709), Max=(X=1355.442 Y=892.634 Z=161.722) RuntimeGrid:None EditorOnly:false RuntimeOnly:false HLODRelevant:true ListedInSceneOutliner:true IsMainWorldOnly:false
 |   |   |- Guid:F86620FC41D9B2986B7213B9EC0BD799 NativeClass:/Script/Engine.StaticMeshActor Name:StaticMeshActor_UAID_D85ED382F83D189702_1129009180 Label:SM_DoorFrame5 SpatiallyLoaded:true EditorBounds:IsValid=true, Min=(X=333.004 Y=1217.581 Z=0.000), Max=(X=446.996 Y=1242.419 Z=211.996) RuntimeBounds:IsValid=true, Min=(X=333.004 Y=1217.581 Z=0.000), Max=(X=446.996 Y=1242.419 Z=211.996) RuntimeGrid:None EditorOnly:false RuntimeOnly:false HLODRelevant:true ListedInSceneOutliner:true IsMainWorldOnly:false
 |   |- [+] Clusters:
 |   |   |- [+] [  0]
 |   |   |   |- Guid:0074E44A81B53CB19DD61A025F808810 NativeClass:/Script/Engine.SkyAtmosphere Name:SkyAtmosphere_0 Label:SkyAtmosphere SpatiallyLoaded:false EditorBounds:IsValid=true, Min=(X=-128.000 Y=-128.000 Z=892.000), Max=(X=240.000 Y=128.000 Z=1148.000) RuntimeBounds:IsValid=true, Min=(X=0.000 Y=0.000 Z=1020.000), Max=(X=0.000 Y=0.000 Z=1020.000) RuntimeGrid:None EditorOnly:false RuntimeOnly:false HLODRelevant:false ListedInSceneOutliner:true IsMainWorldOnly:false FolderPath:Lighting FolderGuid:0BA5F0A04EADB18E70D5B180D08FA34B
 |   |   |- [+] [  1]
 |   |   |   |- Guid:2799BFE4FC0A3FA4AADA3795D40F0564 NativeClass:/Script/Engine.PlayerStart Name:PlayerStart_0 Label:PlayerStart SpatiallyLoaded:false EditorBounds:IsValid=true, Min=(X=772.000 Y=722.000 Z=-35.987), Max=(X=1140.000 Y=978.000 Z=220.013) RuntimeBounds:IsValid=true, Min=(X=860.000 Y=810.000 Z=0.013), Max=(X=940.000 Y=890.000 Z=184.013) RuntimeGrid:None EditorOnly:false RuntimeOnly:false HLODRelevant:false ListedInSceneOutliner:true IsMainWorldOnly:false
 |   |   |- [+] [  2]
 |   |   |   |- Guid:31013E2EE45E3458A6737BC494C5BBEE NativeClass:/Script/Engine.SkyLight Name:SkyLight_0 Label:SkyLight SpatiallyLoaded:false EditorBounds:IsValid=true, Min=(X=-1.000 Y=-1.000 Z=-1.000), Max=(X=1.000 Y=1.000 Z=690.000) RuntimeBounds:IsValid=true, Min=(X=0.000 Y=0.000 Z=690.000), Max=(X=0.000 Y=0.000 Z=690.000) RuntimeGrid:None EditorOnly:false RuntimeOnly:false HLODRelevant:false ListedInSceneOutliner:true IsMainWorldOnly:false FolderPath:Lighting FolderGuid:0BA5F0A04EADB18E70D5B180D08FA34B
 |   |   |- [+] [  3]
 |   |   |   |- Guid:40B3C951490F6701E3B1E488E5B06C4F NativeClass:/Script/Engine.StaticMeshActor Name:StaticMeshActor_UAID_D85ED382F83D189702_1135077181 Label:SM_DoorFrame6 SpatiallyLoaded:true EditorBounds:IsValid=true, Min=(X=-186.150 Y=1238.356 Z=0.000), Max=(X=-93.850 Y=1341.644 Z=211.996) RuntimeBounds:IsValid=true, Min=(X=-186.150 Y=1238.356 Z=0.000), Max=(X=-93.850 Y=1341.644 Z=211.996) RuntimeGrid:None EditorOnly:false RuntimeOnly:false HLODRelevant:true ListedInSceneOutliner:true IsMainWorldOnly:false
 |   |   |- [+] [  4]
 |   |   |   |- Guid:458DEF5A4B649B48E4AD04BAF427DF1A NativeClass:/Script/Engine.StaticMeshActor Name:StaticMeshActor_UAID_D85ED382F83D189702_1197047185 Label:SM_DoorFrame10 SpatiallyLoaded:true EditorBounds:IsValid=true, Min=(X=-552.419 Y=1623.004 Z=0.000), Max=(X=-527.581 Y=1736.996 Z=211.996) RuntimeBounds:IsValid=true, Min=(X=-552.419 Y=1623.004 Z=0.000), Max=(X=-527.581 Y=1736.996 Z=211.996) RuntimeGrid:None EditorOnly:false RuntimeOnly:false HLODRelevant:true ListedInSceneOutliner:true IsMainWorldOnly:false
 |   |   |- [+] [  5]
 |   |   |   |- Guid:4C73332C44A30B6C47B765815D936765 NativeClass:/Script/Engine.StaticMeshActor Name:StaticMeshActor_UAID_D85ED382F83D189702_1177648184 Label:SM_DoorFrame9 SpatiallyLoaded:true EditorBounds:IsValid=true, Min=(X=-936.996 Y=1207.581 Z=0.000), Max=(X=-823.004 Y=1232.419 Z=211.996) RuntimeBounds:IsValid=true, Min=(X=-936.996 Y=1207.581 Z=0.000), Max=(X=-823.004 Y=1232.419 Z=211.996) RuntimeGrid:None EditorOnly:false RuntimeOnly:false HLODRelevant:true ListedInSceneOutliner:true IsMainWorldOnly:false
 |   |   |- [+] [  6]
 |   |   |   |- Guid:6CDDA87AB298320AB0868658B834E679 NativeClass:/Script/Engine.ExponentialHeightFog Name:ExponentialHeightFog_0 Label:ExponentialHeightFog SpatiallyLoaded:false EditorBounds:IsValid=true, Min=(X=-5728.000 Y=-178.000 Z=-6978.000), Max=(X=-5472.000 Y=78.000 Z=-6722.000) RuntimeBounds:IsValid=true, Min=(X=-5600.000 Y=-50.000 Z=-6850.000), Max=(X=-5600.000 Y=-50.000 Z=-6850.000) RuntimeGrid:None EditorOnly:false RuntimeOnly:false HLODRelevant:false ListedInSceneOutliner:true IsMainWorldOnly:false FolderPath:Lighting FolderGuid:0BA5F0A04EADB18E70D5B180D08FA34B
 |   |   |- [+] [  7]
 |   |   |   |- Guid:730213BD4F0D262C9213A2A9D894418F NativeClass:/Script/Engine.StaticMeshActor Name:StaticMeshActor_UAID_D85ED382F83D189702_1116021179 Label:SM_DoorFrame4 SpatiallyLoaded:true EditorBounds:IsValid=true, Min=(X=1122.313 Y=955.444 Z=0.000), Max=(X=1237.687 Y=1084.556 Z=264.995) RuntimeBounds:IsValid=true, Min=(X=1122.313 Y=955.444 Z=0.000), Max=(X=1237.687 Y=1084.556 Z=264.995) RuntimeGrid:None EditorOnly:false RuntimeOnly:false HLODRelevant:true ListedInSceneOutliner:true IsMainWorldOnly:false
 |   |   |- [+] [  8]
 |   |   |   |- Guid:77E3EC57EFB9335081255F7A97030017 NativeClass:/Script/Engine.StaticMeshActor Name:StaticMeshActor_UAID_A4AE111137DC5EFB00_2001720423 Label:SM_SkySphere SpatiallyLoaded:false EditorBounds:IsValid=true, Min=(X=-1638400.000 Y=-1638400.000 Z=-1638400.000), Max=(X=1638400.000 Y=1638400.000 Z=1638400.000) RuntimeBounds:IsValid=true, Min=(X=-1638400.000 Y=-1638400.000 Z=-1638400.000), Max=(X=1638400.000 Y=1638400.000 Z=1638400.000) RuntimeGrid:None EditorOnly:false RuntimeOnly:false HLODRelevant:false ListedInSceneOutliner:true IsMainWorldOnly:false FolderPath:Lighting FolderGuid:0BA5F0A04EADB18E70D5B180D08FA34B
 |   |   |- [+] [  9]
 |   |   |   |- Guid:8EF49CB7449573509A466CA08F4B12D0 NativeClass:/Script/Engine.StaticMeshActor Name:StaticMeshActor_UAID_D85ED382F83D179702_2129562000 Label:SM_DoorFrame SpatiallyLoaded:true EditorBounds:IsValid=true, Min=(X=927.581 Y=1713.004 Z=0.000), Max=(X=952.419 Y=1826.996 Z=211.996) RuntimeBounds:IsValid=true, Min=(X=927.581 Y=1713.004 Z=0.000), Max=(X=952.419 Y=1826.996 Z=211.996) RuntimeGrid:None EditorOnly:false RuntimeOnly:false HLODRelevant:true ListedInSceneOutliner:true IsMainWorldOnly:false
 |   |   |- [+] [ 10]
 |   |   |   |- Guid:94154B9924CE3EB3AC1DD6A45963B8E5 NativeClass:/Script/Engine.PostProcessVolume Name:PostProcessVolume_0 Label:PostProcessVolume SpatiallyLoaded:false EditorBounds:IsValid=true, Min=(X=0.000 Y=0.000 Z=400.000), Max=(X=200.000 Y=200.000 Z=600.000) RuntimeBounds:IsValid=true, Min=(X=0.000 Y=0.000 Z=400.000), Max=(X=200.000 Y=200.000 Z=600.000) RuntimeGrid:None EditorOnly:false RuntimeOnly:false HLODRelevant:false ListedInSceneOutliner:true IsMainWorldOnly:false FolderPath:Lighting FolderGuid:0BA5F0A04EADB18E70D5B180D08FA34B
 |   |   |- [+] [ 11]
 |   |   |   |- Guid:9E25DF1E4E8A3BE2FF218B8C8583F8A5 NativeClass:/Script/Engine.StaticMeshActor Name:StaticMeshActor_UAID_D85ED382F83D189702_1147982182 Label:SM_DoorFrame7 SpatiallyLoaded:true EditorBounds:IsValid=true, Min=(X=973.004 Y=1987.581 Z=0.000), Max=(X=1086.996 Y=2012.419 Z=211.996) RuntimeBounds:IsValid=true, Min=(X=973.004 Y=1987.581 Z=0.000), Max=(X=1086.996 Y=2012.419 Z=211.996) RuntimeGrid:None EditorOnly:false RuntimeOnly:false HLODRelevant:true ListedInSceneOutliner:true IsMainWorldOnly:false
 |   |   |- [+] [ 12]
 |   |   |   |- Guid:9ECAB6A18EDF3F4DBAC9EC9E6BFB4105 NativeClass:/Script/Engine.VolumetricCloud Name:VolumetricCloud_0 Label:VolumetricCloud SpatiallyLoaded:false EditorBounds:IsValid=true, Min=(X=-128.000 Y=-128.000 Z=692.000), Max=(X=128.000 Y=128.000 Z=948.000) RuntimeBounds:IsValid=true, Min=(X=0.000 Y=0.000 Z=820.000), Max=(X=0.000 Y=0.000 Z=820.000) RuntimeGrid:None EditorOnly:false RuntimeOnly:false HLODRelevant:false ListedInSceneOutliner:true IsMainWorldOnly:false FolderPath:Lighting FolderGuid:0BA5F0A04EADB18E70D5B180D08FA34B
 |   |   |- [+] [ 13]
 |   |   |   |- Guid:AA98A66A416C68B92FD363ABC0E06E8B NativeClass:/Script/Engine.StaticMeshActor Name:StaticMeshActor_UAID_D85ED382F83D179702_1984666999 Label:Plane SpatiallyLoaded:true EditorBounds:IsValid=true, Min=(X=-1585.000 Y=-362.500 Z=0.100), Max=(X=3665.000 Y=3762.500 Z=0.100) RuntimeBounds:IsValid=true, Min=(X=-1585.000 Y=-362.500 Z=0.100), Max=(X=3665.000 Y=3762.500 Z=0.100) RuntimeGrid:None EditorOnly:false RuntimeOnly:false HLODRelevant:true ListedInSceneOutliner:true IsMainWorldOnly:false
 |   |   |- [+] [ 14]
 |   |   |   |- Guid:C9BE705E474E2C1C2E948A9DF729FEF8 NativeClass:/Script/Engine.StaticMeshActor Name:StaticMeshActor_UAID_D85ED382F83D189702_1163013183 Label:SM_DoorFrame8 SpatiallyLoaded:true EditorBounds:IsValid=true, Min=(X=-436.996 Y=1777.581 Z=0.000), Max=(X=-323.004 Y=1802.419 Z=211.996) RuntimeBounds:IsValid=true, Min=(X=-436.996 Y=1777.581 Z=0.000), Max=(X=-323.004 Y=1802.419 Z=211.996) RuntimeGrid:None EditorOnly:false RuntimeOnly:false HLODRelevant:true ListedInSceneOutliner:true IsMainWorldOnly:false
 |   |   |- [+] [ 15]
 |   |   |   |- Guid:CEA3B4224BFA1F232D26B793F936D319 NativeClass:/Script/Engine.StaticMeshActor Name:StaticMeshActor_UAID_D85ED382F83D189702_1074533177 Label:SM_DoorFrame2 SpatiallyLoaded:true EditorBounds:IsValid=true, Min=(X=-142.419 Y=1713.004 Z=0.000), Max=(X=-117.581 Y=1826.996 Z=211.996) RuntimeBounds:IsValid=true, Min=(X=-142.419 Y=1713.004 Z=0.000), Max=(X=-117.581 Y=1826.996 Z=211.996) RuntimeGrid:None EditorOnly:false RuntimeOnly:false HLODRelevant:true ListedInSceneOutliner:true IsMainWorldOnly:false
 |   |   |- [+] [ 16]
 |   |   |   |- Guid:D56B13953B903363AB9AC18C7D52B868 BaseClass:/Game/FirstPerson/Blueprints/BP_Pickup_Rifle.BP_Pickup_Rifle_C NativeClass:/Script/Engine.Actor Name:BP_Rifle_C_1 Label:BP_Pickup_Rifle SpatiallyLoaded:true EditorBounds:IsValid=true, Min=(X=1378.000 Y=818.000 Z=64.000), Max=(X=1442.000 Y=907.440 Z=128.000) RuntimeBounds:IsValid=true, Min=(X=1378.000 Y=818.000 Z=64.000), Max=(X=1442.000 Y=907.440 Z=128.000) RuntimeGrid:None EditorOnly:false RuntimeOnly:false HLODRelevant:false ListedInSceneOutliner:true IsMainWorldOnly:false
 |   |   |- [+] [ 17]
 |   |   |   |- Guid:E449D3E1986E38F0BDCA23911BE048B6 NativeClass:/Script/Engine.StaticMeshActor Name:StaticMeshActor_0 Label:SM_Cube SpatiallyLoaded:true EditorBounds:IsValid=true, Min=(X=0.000 Y=0.000 Z=-50.000), Max=(X=3000.000 Y=3500.000 Z=0.000) RuntimeBounds:IsValid=true, Min=(X=0.000 Y=0.000 Z=-50.000), Max=(X=3000.000 Y=3500.000 Z=0.000) RuntimeGrid:None EditorOnly:false RuntimeOnly:false HLODRelevant:true ListedInSceneOutliner:true IsMainWorldOnly:false FolderPath:Playground FolderGuid:6C02BB504B69D1F3D7A624B130C18E5B
 |   |   |- [+] [ 18]
 |   |   |   |- Guid:E58D97CF1DC43AC1ABA74365C53B66FA NativeClass:/Script/Engine.WorldDataLayers Name:WorldDataLayers Label:WorldDataLayers SpatiallyLoaded:false EditorBounds:IsValid=false, Min=(X=0.000 Y=0.000 Z=0.000), Max=(X=0.000 Y=0.000 Z=0.000) RuntimeBounds:IsValid=false, Min=(X=0.000 Y=0.000 Z=0.000), Max=(X=0.000 Y=0.000 Z=0.000) RuntimeGrid:None EditorOnly:false RuntimeOnly:false HLODRelevant:false ListedInSceneOutliner:true IsMainWorldOnly:true
 |   |   |- [+] [ 19]
 |   |   |   |- Guid:E7863632D63B3DE5BE77086DE4C73044 NativeClass:/Script/Engine.DirectionalLight Name:DirectionalLight_1 Label:DirectionalLight SpatiallyLoaded:false EditorBounds:IsValid=false, Min=(X=0.000 Y=0.000 Z=0.000), Max=(X=0.000 Y=0.000 Z=0.000) RuntimeBounds:IsValid=false, Min=(X=0.000 Y=0.000 Z=0.000), Max=(X=0.000 Y=0.000 Z=0.000) RuntimeGrid:None EditorOnly:false RuntimeOnly:false HLODRelevant:false ListedInSceneOutliner:true IsMainWorldOnly:false FolderPath:Lighting FolderGuid:0BA5F0A04EADB18E70D5B180D08FA34B
 |   |   |- [+] [ 20]
 |   |   |   |- Guid:EB069C204057B4040EA8F1B57AB67B83 NativeClass:/Script/Engine.StaticMeshActor Name:StaticMeshActor_UAID_D85ED382F83D189702_1084929178 Label:SM_DoorFrame3 SpatiallyLoaded:true EditorBounds:IsValid=true, Min=(X=1583.004 Y=1287.581 Z=0.000), Max=(X=1696.996 Y=1312.419 Z=211.996) RuntimeBounds:IsValid=true, Min=(X=1583.004 Y=1287.581 Z=0.000), Max=(X=1696.996 Y=1312.419 Z=211.996) RuntimeGrid:None EditorOnly:false RuntimeOnly:false HLODRelevant:true ListedInSceneOutliner:true IsMainWorldOnly:false
 |   |   |- [+] [ 21]
 |   |   |   |- Guid:F098EAAB4522DC124A4DC7B0CC348E73 NativeClass:/Script/Engine.StaticMeshActor Name:StaticMeshActor_UAID_D85ED382F83DE09502_1659725263 Label:Iphone_Lowpoly_Final SpatiallyLoaded:true EditorBounds:IsValid=true, Min=(X=1344.207 Y=891.295 Z=138.709), Max=(X=1355.442 Y=892.634 Z=161.722) RuntimeBounds:IsValid=true, Min=(X=1344.207 Y=891.295 Z=138.709), Max=(X=1355.442 Y=892.634 Z=161.722) RuntimeGrid:None EditorOnly:false RuntimeOnly:false HLODRelevant:true ListedInSceneOutliner:true IsMainWorldOnly:false
 |   |   |- [+] [ 22]
 |   |   |   |- Guid:F86620FC41D9B2986B7213B9EC0BD799 NativeClass:/Script/Engine.StaticMeshActor Name:StaticMeshActor_UAID_D85ED382F83D189702_1129009180 Label:SM_DoorFrame5 SpatiallyLoaded:true EditorBounds:IsValid=true, Min=(X=333.004 Y=1217.581 Z=0.000), Max=(X=446.996 Y=1242.419 Z=211.996) RuntimeBounds:IsValid=true, Min=(X=333.004 Y=1217.581 Z=0.000), Max=(X=446.996 Y=1242.419 Z=211.996) RuntimeGrid:None EditorOnly:false RuntimeOnly:false HLODRelevant:true ListedInSceneOutliner:true IsMainWorldOnly:false
 |- ContainerInstances:
 |- [+] MainContainer:
 |   |-        ID: 00000000000000000000000000000000
 |   |-  ParentID: 00000000000000000000000000000000
 |   |-    Bounds: IsValid=false, Min=(X=0.000 Y=0.000 Z=0.000), Max=(X=0.000 Y=0.000 Z=0.000)
 |   |- Transform: 0.000000,0.000000,0.000000|0.000000,0.000000,-0.000000|1.000000,1.000000,1.000000
 |   |- Container: /Game/FirstPerson/Maps/AlexBranch
----------------------------------------------------------------------------------------------------------------
AlexBranch - Persistent Level
----------------------------------------------------------------------------------------------------------------
[+] Content of AlexBranch Persistent Level
 |- Always loaded Actor Count: 23 
 |- Actor Path: /Game/FirstPerson/Maps/AlexBranch.AlexBranch:PersistentLevel.BP_Rifle_C_1
 |- Actor Package: /Game/__ExternalActors__/FirstPerson/Maps/AlexBranch/4/9F/QAFA95Y4FHODTW5LZOYWHH
 |- Actor Path: /Game/FirstPerson/Maps/AlexBranch.AlexBranch:PersistentLevel.DirectionalLight_1
 |- Actor Package: /Game/__ExternalActors__/FirstPerson/Maps/AlexBranch/C/UA/Z7RLZKI358UV2JBGB7AXDY
 |- Actor Path: /Game/FirstPerson/Maps/AlexBranch.AlexBranch:PersistentLevel.ExponentialHeightFog_0
 |- Actor Package: /Game/__ExternalActors__/FirstPerson/Maps/AlexBranch/5/Z7/GB3FZ9BSPXHIQIMPMJ4U6K
 |- Actor Path: /Game/FirstPerson/Maps/AlexBranch.AlexBranch:PersistentLevel.PlayerStart_0
 |- Actor Package: /Game/__ExternalActors__/FirstPerson/Maps/AlexBranch/6/GE/LTH6IFWV424S1EFEK9QNOT
 |- Actor Path: /Game/FirstPerson/Maps/AlexBranch.AlexBranch:PersistentLevel.PostProcessVolume_0
 |- Actor Package: /Game/__ExternalActors__/FirstPerson/Maps/AlexBranch/B/H8/6GPRCOLEC9WQU3URBYZGL3
 |- Actor Path: /Game/FirstPerson/Maps/AlexBranch.AlexBranch:PersistentLevel.SkyAtmosphere_0
 |- Actor Package: /Game/__ExternalActors__/FirstPerson/Maps/AlexBranch/9/J3/ZBVJNVSSUKSWVKJMO49TXL
 |- Actor Path: /Game/FirstPerson/Maps/AlexBranch.AlexBranch:PersistentLevel.SkyLight_0
 |- Actor Package: /Game/__ExternalActors__/FirstPerson/Maps/AlexBranch/9/QF/QSELI3POQ3KIYJJDLAQ86C
 |- Actor Path: /Game/FirstPerson/Maps/AlexBranch.AlexBranch:PersistentLevel.StaticMeshActor_0
 |- Actor Package: /Game/__ExternalActors__/FirstPerson/Maps/AlexBranch/C/71/KHUGKDH1VWY0GH4RZVERA6
 |- Actor Path: /Game/FirstPerson/Maps/AlexBranch.AlexBranch:PersistentLevel.StaticMeshActor_UAID_A4AE111137DC5EFB00_2001720423
 |- Actor Package: /Game/__ExternalActors__/FirstPerson/Maps/AlexBranch/6/8L/49VAQ19PPM95Y7V95GWQPF
 |- Actor Path: /Game/FirstPerson/Maps/AlexBranch.AlexBranch:PersistentLevel.StaticMeshActor_UAID_D85ED382F83D179702_1984666999
 |- Actor Package: /Game/__ExternalActors__/FirstPerson/Maps/AlexBranch/C/BY/S4KB3UF8GGY9DQSVYPIWEJ
 |- Actor Path: /Game/FirstPerson/Maps/AlexBranch.AlexBranch:PersistentLevel.StaticMeshActor_UAID_D85ED382F83D179702_2129562000
 |- Actor Package: /Game/__ExternalActors__/FirstPerson/Maps/AlexBranch/7/ZO/7YV9X9M855HYUQK41FDW9G
 |- Actor Path: /Game/FirstPerson/Maps/AlexBranch.AlexBranch:PersistentLevel.StaticMeshActor_UAID_D85ED382F83D189702_1074533177
 |- Actor Package: /Game/__ExternalActors__/FirstPerson/Maps/AlexBranch/3/GW/TCE8441QRON1NRGQJWWZ31
 |- Actor Path: /Game/FirstPerson/Maps/AlexBranch.AlexBranch:PersistentLevel.StaticMeshActor_UAID_D85ED382F83D189702_1084929178
 |- Actor Package: /Game/__ExternalActors__/FirstPerson/Maps/AlexBranch/9/TJ/Y0HGBVTT31P3O7RY6FX0CY
 |- Actor Path: /Game/FirstPerson/Maps/AlexBranch.AlexBranch:PersistentLevel.StaticMeshActor_UAID_D85ED382F83D189702_1116021179
 |- Actor Package: /Game/__ExternalActors__/FirstPerson/Maps/AlexBranch/1/92/QGSJCDS1POHRFYWRBB00KO
 |- Actor Path: /Game/FirstPerson/Maps/AlexBranch.AlexBranch:PersistentLevel.StaticMeshActor_UAID_D85ED382F83D189702_1129009180
 |- Actor Package: /Game/__ExternalActors__/FirstPerson/Maps/AlexBranch/1/OX/F2TXE7U3HQ60FKYSJ0CMBM
 |- Actor Path: /Game/FirstPerson/Maps/AlexBranch.AlexBranch:PersistentLevel.StaticMeshActor_UAID_D85ED382F83D189702_1135077181
 |- Actor Package: /Game/__ExternalActors__/FirstPerson/Maps/AlexBranch/9/GV/KV2HVI9TO4FZMV23QB549H
 |- Actor Path: /Game/FirstPerson/Maps/AlexBranch.AlexBranch:PersistentLevel.StaticMeshActor_UAID_D85ED382F83D189702_1147982182
 |- Actor Package: /Game/__ExternalActors__/FirstPerson/Maps/AlexBranch/1/YH/QNE4ZPJTYVKPYNJMSYBCXY
 |- Actor Path: /Game/FirstPerson/Maps/AlexBranch.AlexBranch:PersistentLevel.StaticMeshActor_UAID_D85ED382F83D189702_1163013183
 |- Actor Package: /Game/__ExternalActors__/FirstPerson/Maps/AlexBranch/4/A0/4AXPEPRO1WY31Q1RNBQUX3
 |- Actor Path: /Game/FirstPerson/Maps/AlexBranch.AlexBranch:PersistentLevel.StaticMeshActor_UAID_D85ED382F83D189702_1177648184
 |- Actor Package: /Game/__ExternalActors__/FirstPerson/Maps/AlexBranch/4/9Y/5V86EX5V533S6GD8FVOVJ5
 |- Actor Path: /Game/FirstPerson/Maps/AlexBranch.AlexBranch:PersistentLevel.StaticMeshActor_UAID_D85ED382F83D189702_1197047185
 |- Actor Package: /Game/__ExternalActors__/FirstPerson/Maps/AlexBranch/6/4R/70RBLN2E1L31Z7KOA9FRDQ
 |- Actor Path: /Game/FirstPerson/Maps/AlexBranch.AlexBranch:PersistentLevel.StaticMeshActor_UAID_D85ED382F83DE09502_1659725263
 |- Actor Package: /Game/__ExternalActors__/FirstPerson/Maps/AlexBranch/6/UP/33Q32I73CPV3S882H9BB1I
 |- Actor Path: /Game/FirstPerson/Maps/AlexBranch.AlexBranch:PersistentLevel.VolumetricCloud_0
 |- Actor Package: /Game/__ExternalActors__/FirstPerson/Maps/AlexBranch/5/P9/7776BR1NTIQ6YO6YHORJ9Z
 |- Actor Path: /Game/FirstPerson/Maps/AlexBranch.AlexBranch:PersistentLevel.WorldDataLayers
 |- Actor Package: /Game/__ExternalActors__/FirstPerson/Maps/AlexBranch/E/IT/9LDT3J9HA7ALLFVCYXGTWF

----------------------------------------------------------------------------------------------------------------
AlexBranch - Runtime Hash Set
----------------------------------------------------------------------------------------------------------------

